<?xml version="1.0" encoding="UTF-8"?>
<!-- Generated by org.testng.reporters.JUnitXMLReporter -->
<testsuite ignored="0" hostname="DESKTOP-CTKJV5C" failures="0" tests="1" name="firefox browser testing" time="12.535" errors="0" timestamp="2025-02-10T20:14:21 EST">
  <testcase classname="testBase.TestBase" name="@BeforeClass setup" time="4.822">
    <failure type="org.openqa.selenium.WebDriverException" message="unknown error: net::ERR_CONNECTION_REFUSED
  (Session info: MicrosoftEdge=132.0.2957.140)
Build info: version: &amp;apos;4.28.1&amp;apos;, revision: &amp;apos;73f5ad48a2&amp;apos;
System info: os.name: &amp;apos;Windows 10&amp;apos;, os.arch: &amp;apos;amd64&amp;apos;, os.version: &amp;apos;10.0&amp;apos;, java.version: &amp;apos;21.0.6&amp;apos;
Driver info: org.openqa.selenium.remote.RemoteWebDriver
Command: [6ab02a1d90275d0bec151d876eaa9c0f, get {url=http://localhost/opencart/upload/index.php}]
Capabilities {acceptInsecureCerts: false, browserName: MicrosoftEdge, browserVersion: 132.0.2957.140, fedcm:accounts: true, ms:edgeOptions: {debuggerAddress: localhost:40063}, msedge: {msedgedriverVersion: 132.0.2957.140 (a81e27b375d..., userDataDir: /tmp/.com.microsoft.Edge.qv...}, networkConnectionEnabled: false, pageLoadStrategy: normal, platformName: linux, proxy: Proxy(), se:bidiEnabled: false, se:cdp: ws://172.18.0.5:4444/sessio..., se:cdpVersion: 132.0.2957.140, se:containerName: 0354bdf45344, se:noVncPort: 7900, se:vnc: ws://172.18.0.5:4444/sessio..., se:vncEnabled: true, se:vncLocalAddress: ws://172.18.0.5:7900, setWindowRect: true, strictFileInteractability: false, timeouts: {implicit: 0, pageLoad: 300000, script: 30000}, unhandledPromptBehavior: dismiss and notify, webauthn:extension:credBlob: true, webauthn:extension:largeBlob: true, webauthn:extension:minPinLength: true, webauthn:extension:prf: true, webauthn:virtualAuthenticators: true}
Session ID: 6ab02a1d90275d0bec151d876eaa9c0f">
      <![CDATA[org.openqa.selenium.WebDriverException: unknown error: net::ERR_CONNECTION_REFUSED
  (Session info: MicrosoftEdge=132.0.2957.140)
Build info: version: '4.28.1', revision: '73f5ad48a2'
System info: os.name: 'Windows 10', os.arch: 'amd64', os.version: '10.0', java.version: '21.0.6'
Driver info: org.openqa.selenium.remote.RemoteWebDriver
Command: [6ab02a1d90275d0bec151d876eaa9c0f, get {url=http://localhost/opencart/upload/index.php}]
Capabilities {acceptInsecureCerts: false, browserName: MicrosoftEdge, browserVersion: 132.0.2957.140, fedcm:accounts: true, ms:edgeOptions: {debuggerAddress: localhost:40063}, msedge: {msedgedriverVersion: 132.0.2957.140 (a81e27b375d..., userDataDir: /tmp/.com.microsoft.Edge.qv...}, networkConnectionEnabled: false, pageLoadStrategy: normal, platformName: linux, proxy: Proxy(), se:bidiEnabled: false, se:cdp: ws://172.18.0.5:4444/sessio..., se:cdpVersion: 132.0.2957.140, se:containerName: 0354bdf45344, se:noVncPort: 7900, se:vnc: ws://172.18.0.5:4444/sessio..., se:vncEnabled: true, se:vncLocalAddress: ws://172.18.0.5:7900, setWindowRect: true, strictFileInteractability: false, timeouts: {implicit: 0, pageLoad: 300000, script: 30000}, unhandledPromptBehavior: dismiss and notify, webauthn:extension:credBlob: true, webauthn:extension:largeBlob: true, webauthn:extension:minPinLength: true, webauthn:extension:prf: true, webauthn:virtualAuthenticators: true}
Session ID: 6ab02a1d90275d0bec151d876eaa9c0f
at org.openqa.selenium.remote.ErrorCodec.decode(ErrorCodec.java:167)
at org.openqa.selenium.remote.codec.w3c.W3CHttpResponseCodec.decode(W3CHttpResponseCodec.java:138)
at org.openqa.selenium.remote.codec.w3c.W3CHttpResponseCodec.decode(W3CHttpResponseCodec.java:50)
at org.openqa.selenium.remote.HttpCommandExecutor.execute(HttpCommandExecutor.java:215)
at org.openqa.selenium.remote.TracedCommandExecutor.execute(TracedCommandExecutor.java:53)
at org.openqa.selenium.remote.RemoteWebDriver.execute(RemoteWebDriver.java:545)
at org.openqa.selenium.remote.RemoteWebDriver.get(RemoteWebDriver.java:313)
at testBase.TestBase.setup(TestBase.java:126)
at java.base/java.util.ArrayList.forEach(ArrayList.java:1596)
at java.base/java.util.concurrent.FutureTask.run(FutureTask.java:317)
at java.base/java.util.concurrent.ThreadPoolExecutor.runWorker(ThreadPoolExecutor.java:1144)
at java.base/java.util.concurrent.ThreadPoolExecutor$Worker.run(ThreadPoolExecutor.java:642)
at java.base/java.lang.Thread.run(Thread.java:1583)
... Removed 16 stack frames]]>
    </failure>
  </testcase> <!-- @BeforeClass setup -->
  <testcase classname="testBase.TestBase" name="@AfterClass tearDown" time="0.0">
    <skipped/>
  </testcase> <!-- @AfterClass tearDown -->
  <testcase classname="testBase.TestBase" name="@BeforeClass setup" time="12.091">
    <failure type="org.openqa.selenium.WebDriverException" message="Reached error page: about:neterror?e=connectionFailure&amp;amp;u=http%3A//localhost/opencart/upload/index.php&amp;amp;c=UTF-8&amp;amp;d=Firefox%20can%E2%80%99t%20establish%20a%20connection%20to%20the%20server%20at%20localhost.
Build info: version: &amp;apos;4.28.1&amp;apos;, revision: &amp;apos;73f5ad48a2&amp;apos;
System info: os.name: &amp;apos;Windows 10&amp;apos;, os.arch: &amp;apos;amd64&amp;apos;, os.version: &amp;apos;10.0&amp;apos;, java.version: &amp;apos;21.0.6&amp;apos;
Driver info: org.openqa.selenium.remote.RemoteWebDriver
Command: [e58ee290-ac37-4f6b-96a4-a8c99272008a, get {url=http://localhost/opencart/upload/index.php}]
Capabilities {acceptInsecureCerts: false, browserName: firefox, browserVersion: 134.0.2, container:hostname: 481d0cffdfca, moz:accessibilityChecks: false, moz:buildID: 20250120135430, moz:geckodriverVersion: 0.35.0, moz:headless: false, moz:platformVersion: 5.15.167.4-microsoft-standa..., moz:processID: 1504, moz:profile: /tmp/rust_mozprofileg1reqR, moz:shutdownTimeout: 60000, moz:webdriverClick: true, moz:windowless: false, pageLoadStrategy: normal, platformName: linux, proxy: Proxy(), se:bidiEnabled: false, se:cdp: ws://172.18.0.4:4444/sessio..., se:containerName: 481d0cffdfca, se:noVncPort: 7900, se:vnc: ws://172.18.0.4:4444/sessio..., se:vncEnabled: true, se:vncLocalAddress: ws://172.18.0.4:7900, setWindowRect: true, strictFileInteractability: false, timeouts: {implicit: 0, pageLoad: 300000, script: 30000}, unhandledPromptBehavior: dismiss and notify, userAgent: Mozilla/5.0 (X11; Linux x86...}
Session ID: e58ee290-ac37-4f6b-96a4-a8c99272008a">
      <![CDATA[org.openqa.selenium.WebDriverException: Reached error page: about:neterror?e=connectionFailure&u=http%3A//localhost/opencart/upload/index.php&c=UTF-8&d=Firefox%20can%E2%80%99t%20establish%20a%20connection%20to%20the%20server%20at%20localhost.
Build info: version: '4.28.1', revision: '73f5ad48a2'
System info: os.name: 'Windows 10', os.arch: 'amd64', os.version: '10.0', java.version: '21.0.6'
Driver info: org.openqa.selenium.remote.RemoteWebDriver
Command: [e58ee290-ac37-4f6b-96a4-a8c99272008a, get {url=http://localhost/opencart/upload/index.php}]
Capabilities {acceptInsecureCerts: false, browserName: firefox, browserVersion: 134.0.2, container:hostname: 481d0cffdfca, moz:accessibilityChecks: false, moz:buildID: 20250120135430, moz:geckodriverVersion: 0.35.0, moz:headless: false, moz:platformVersion: 5.15.167.4-microsoft-standa..., moz:processID: 1504, moz:profile: /tmp/rust_mozprofileg1reqR, moz:shutdownTimeout: 60000, moz:webdriverClick: true, moz:windowless: false, pageLoadStrategy: normal, platformName: linux, proxy: Proxy(), se:bidiEnabled: false, se:cdp: ws://172.18.0.4:4444/sessio..., se:containerName: 481d0cffdfca, se:noVncPort: 7900, se:vnc: ws://172.18.0.4:4444/sessio..., se:vncEnabled: true, se:vncLocalAddress: ws://172.18.0.4:7900, setWindowRect: true, strictFileInteractability: false, timeouts: {implicit: 0, pageLoad: 300000, script: 30000}, unhandledPromptBehavior: dismiss and notify, userAgent: Mozilla/5.0 (X11; Linux x86...}
Session ID: e58ee290-ac37-4f6b-96a4-a8c99272008a
at org.openqa.selenium.remote.ErrorCodec.decode(ErrorCodec.java:167)
at org.openqa.selenium.remote.codec.w3c.W3CHttpResponseCodec.decode(W3CHttpResponseCodec.java:138)
at org.openqa.selenium.remote.codec.w3c.W3CHttpResponseCodec.decode(W3CHttpResponseCodec.java:50)
at org.openqa.selenium.remote.HttpCommandExecutor.execute(HttpCommandExecutor.java:215)
at org.openqa.selenium.remote.TracedCommandExecutor.execute(TracedCommandExecutor.java:53)
at org.openqa.selenium.remote.RemoteWebDriver.execute(RemoteWebDriver.java:545)
at org.openqa.selenium.remote.RemoteWebDriver.get(RemoteWebDriver.java:313)
at testBase.TestBase.setup(TestBase.java:126)
at java.base/java.util.ArrayList.forEach(ArrayList.java:1596)
at java.base/java.util.concurrent.FutureTask.run(FutureTask.java:317)
at java.base/java.util.concurrent.ThreadPoolExecutor.runWorker(ThreadPoolExecutor.java:1144)
at java.base/java.util.concurrent.ThreadPoolExecutor$Worker.run(ThreadPoolExecutor.java:642)
at java.base/java.lang.Thread.run(Thread.java:1583)
... Removed 16 stack frames]]>
    </failure>
  </testcase> <!-- @BeforeClass setup -->
  <testcase classname="testBase.TestBase" name="@AfterClass tearDown" time="0.0">
    <skipped/>
  </testcase> <!-- @AfterClass tearDown -->
  <testcase classname="testCases.TC002_LoginTest" name="verify_login" time="0.0">
    <skipped/>
  </testcase> <!-- verify_login -->
</testsuite> <!-- firefox browser testing -->
